# JRE version: OpenJDK Runtime Environment (8.0_242-b01) (build 1.8.0_242-release-1644-b01)
# Java VM: OpenJDK 64-Bit Server VM (25.242-b01 mixed mode windows-amd64 compressed oops)
Heap:
 PSYoungGen      total 178176K, used 87497K [0x00000000eb400000, 0x00000000f8900000, 0x0000000100000000)
  eden space 151552K, 40% used [0x00000000eb400000,0x00000000eef75e48,0x00000000f4800000)
  from space 26624K, 99% used [0x00000000f6780000,0x00000000f817c770,0x00000000f8180000)
  to   space 32256K, 0% used [0x00000000f4800000,0x00000000f4800000,0x00000000f6780000)
 ParOldGen       total 74240K, used 40785K [0x00000000c1c00000, 0x00000000c6480000, 0x00000000eb400000)
  object space 74240K, 54% used [0x00000000c1c00000,0x00000000c43d4648,0x00000000c6480000)
 Metaspace       used 54063K, capacity 55202K, committed 55512K, reserved 1097728K
  class space    used 6309K, capacity 6593K, committed 6656K, reserved 1048576K
GC Heap History (10 events):
Event: 8.309 GC heap before
{Heap before GC invocations=8 (full 1):
 PSYoungGen      total 82944K, used 65536K [0x00000000eb400000, 0x00000000f1600000, 0x0000000100000000)
  eden space 65536K, 100% used [0x00000000eb400000,0x00000000ef400000,0x00000000ef400000)
  from space 17408K, 0% used [0x00000000f0500000,0x00000000f0500000,0x00000000f1600000)
  to   space 17408K, 0% used [0x00000000ef400000,0x00000000ef400000,0x00000000f0500000)
 ParOldGen       total 58880K, used 24926K [0x00000000c1c00000, 0x00000000c5580000, 0x00000000eb400000)
  object space 58880K, 42% used [0x00000000c1c00000,0x00000000c3457a90,0x00000000c5580000)
 Metaspace       used 29145K, capacity 29604K, committed 29952K, reserved 1075200K
  class space    used 3629K, capacity 3787K, committed 3840K, reserved 1048576K
Event: 8.340 GC heap after
Heap after GC invocations=8 (full 1):
 PSYoungGen      total 82944K, used 15211K [0x00000000eb400000, 0x00000000f4b00000, 0x0000000100000000)
  eden space 65536K, 0% used [0x00000000eb400000,0x00000000eb400000,0x00000000ef400000)
  from space 17408K, 87% used [0x00000000ef400000,0x00000000f02dad40,0x00000000f0500000)
  to   space 19968K, 0% used [0x00000000f3780000,0x00000000f3780000,0x00000000f4b00000)
 ParOldGen       total 58880K, used 24934K [0x00000000c1c00000, 0x00000000c5580000, 0x00000000eb400000)
  object space 58880K, 42% used [0x00000000c1c00000,0x00000000c3459a90,0x00000000c5580000)
 Metaspace       used 29145K, capacity 29604K, committed 29952K, reserved 1075200K
  class space    used 3629K, capacity 3787K, committed 3840K, reserved 1048576K
}
Event: 9.517 GC heap before
{Heap before GC invocations=9 (full 1):
 PSYoungGen      total 82944K, used 51385K [0x00000000eb400000, 0x00000000f4b00000, 0x0000000100000000)
  eden space 65536K, 55% used [0x00000000eb400000,0x00000000ed753a78,0x00000000ef400000)
  from space 17408K, 87% used [0x00000000ef400000,0x00000000f02dad40,0x00000000f0500000)
  to   space 19968K, 0% used [0x00000000f3780000,0x00000000f3780000,0x00000000f4b00000)
 ParOldGen       total 58880K, used 24934K [0x00000000c1c00000, 0x00000000c5580000, 0x00000000eb400000)
  object space 58880K, 42% used [0x00000000c1c00000,0x00000000c3459a90,0x00000000c5580000)
 Metaspace       used 34698K, capacity 35238K, committed 35416K, reserved 1081344K
  class space    used 4306K, capacity 4465K, committed 4480K, reserved 1048576K
Event: 9.544 GC heap after
Heap after GC invocations=9 (full 1):
 PSYoungGen      total 131584K, used 16380K [0x00000000eb400000, 0x00000000f4c00000, 0x0000000100000000)
  eden space 111616K, 0% used [0x00000000eb400000,0x00000000eb400000,0x00000000f2100000)
  from space 19968K, 82% used [0x00000000f3780000,0x00000000f477f078,0x00000000f4b00000)
  to   space 22016K, 0% used [0x00000000f2100000,0x00000000f2100000,0x00000000f3680000)
 ParOldGen       total 58880K, used 24942K [0x00000000c1c00000, 0x00000000c5580000, 0x00000000eb400000)
  object space 58880K, 42% used [0x00000000c1c00000,0x00000000c345ba90,0x00000000c5580000)
 Metaspace       used 34698K, capacity 35238K, committed 35416K, reserved 1081344K
  class space    used 4306K, capacity 4465K, committed 4480K, reserved 1048576K
}
Event: 9.544 GC heap before
{Heap before GC invocations=10 (full 2):
 PSYoungGen      total 131584K, used 16380K [0x00000000eb400000, 0x00000000f4c00000, 0x0000000100000000)
  eden space 111616K, 0% used [0x00000000eb400000,0x00000000eb400000,0x00000000f2100000)
  from space 19968K, 82% used [0x00000000f3780000,0x00000000f477f078,0x00000000f4b00000)
  to   space 22016K, 0% used [0x00000000f2100000,0x00000000f2100000,0x00000000f3680000)
 ParOldGen       total 58880K, used 24942K [0x00000000c1c00000, 0x00000000c5580000, 0x00000000eb400000)
  object space 58880K, 42% used [0x00000000c1c00000,0x00000000c345ba90,0x00000000c5580000)
 Metaspace       used 34698K, capacity 35238K, committed 35416K, reserved 1081344K
  class space    used 4306K, capacity 4465K, committed 4480K, reserved 1048576K
Event: 9.748 GC heap after
Heap after GC invocations=10 (full 2):
 PSYoungGen      total 131584K, used 0K [0x00000000eb400000, 0x00000000f4c00000, 0x0000000100000000)
  eden space 111616K, 0% used [0x00000000eb400000,0x00000000eb400000,0x00000000f2100000)
  from space 19968K, 0% used [0x00000000f3780000,0x00000000f3780000,0x00000000f4b00000)
  to   space 22016K, 0% used [0x00000000f2100000,0x00000000f2100000,0x00000000f3680000)
 ParOldGen       total 74240K, used 35348K [0x00000000c1c00000, 0x00000000c6480000, 0x00000000eb400000)
  object space 74240K, 47% used [0x00000000c1c00000,0x00000000c3e853c8,0x00000000c6480000)
 Metaspace       used 34698K, capacity 35238K, committed 35416K, reserved 1081344K
  class space    used 4306K, capacity 4465K, committed 4480K, reserved 1048576K
}
Event: 15.149 GC heap before
{Heap before GC invocations=11 (full 2):
 PSYoungGen      total 131584K, used 111616K [0x00000000eb400000, 0x00000000f4c00000, 0x0000000100000000)
  eden space 111616K, 100% used [0x00000000eb400000,0x00000000f2100000,0x00000000f2100000)
  from space 19968K, 0% used [0x00000000f3780000,0x00000000f3780000,0x00000000f4b00000)
  to   space 22016K, 0% used [0x00000000f2100000,0x00000000f2100000,0x00000000f3680000)
 ParOldGen       total 74240K, used 35348K [0x00000000c1c00000, 0x00000000c6480000, 0x00000000eb400000)
  object space 74240K, 47% used [0x00000000c1c00000,0x00000000c3e853c8,0x00000000c6480000)
 Metaspace       used 45139K, capacity 45974K, committed 46424K, reserved 1089536K
  class space    used 5399K, capacity 5643K, committed 5760K, reserved 1048576K
Event: 15.213 GC heap after
Heap after GC invocations=11 (full 2):
 PSYoungGen      total 133632K, used 21988K [0x00000000eb400000, 0x00000000f8180000, 0x0000000100000000)
  eden space 111616K, 0% used [0x00000000eb400000,0x00000000eb400000,0x00000000f2100000)
  from space 22016K, 99% used [0x00000000f2100000,0x00000000f36791b0,0x00000000f3680000)
  to   space 26624K, 0% used [0x00000000f6780000,0x00000000f6780000,0x00000000f8180000)
 ParOldGen       total 74240K, used 37275K [0x00000000c1c00000, 0x00000000c6480000, 0x00000000eb400000)
  object space 74240K, 50% used [0x00000000c1c00000,0x00000000c4066c90,0x00000000c6480000)
 Metaspace       used 45139K, capacity 45974K, committed 46424K, reserved 1089536K
  class space    used 5399K, capacity 5643K, committed 5760K, reserved 1048576K
}
Event: 18.691 GC heap before
{Heap before GC invocations=12 (full 2):
 PSYoungGen      total 133632K, used 133604K [0x00000000eb400000, 0x00000000f8180000, 0x0000000100000000)
  eden space 111616K, 100% used [0x00000000eb400000,0x00000000f2100000,0x00000000f2100000)
  from space 22016K, 99% used [0x00000000f2100000,0x00000000f36791b0,0x00000000f3680000)
  to   space 26624K, 0% used [0x00000000f6780000,0x00000000f6780000,0x00000000f8180000)
 ParOldGen       total 74240K, used 37275K [0x00000000c1c00000, 0x00000000c6480000, 0x00000000eb400000)
  object space 74240K, 50% used [0x00000000c1c00000,0x00000000c4066c90,0x00000000c6480000)
 Metaspace       used 47573K, capacity 48404K, committed 48600K, reserved 1091584K
  class space    used 5555K, capacity 5794K, committed 5888K, reserved 1048576K
Event: 18.777 GC heap after
Heap after GC invocations=12 (full 2):
 PSYoungGen      total 178176K, used 26609K [0x00000000eb400000, 0x00000000f8900000, 0x0000000100000000)
  eden space 151552K, 0% used [0x00000000eb400000,0x00000000eb400000,0x00000000f4800000)
  from space 26624K, 99% used [0x00000000f6780000,0x00000000f817c770,0x00000000f8180000)
  to   space 32256K, 0% used [0x00000000f4800000,0x00000000f4800000,0x00000000f6780000)
 ParOldGen       total 74240K, used 40785K [0x00000000c1c00000, 0x00000000c6480000, 0x00000000eb400000)
  object space 74240K, 54% used [0x00000000c1c00000,0x00000000c43d4648,0x00000000c6480000)
 Metaspace       used 47573K, capacity 48404K, committed 48600K, reserved 1091584K
  class space    used 5555K, capacity 5794K, committed 5888K, reserved 1048576K
}

