# JRE version: OpenJDK Runtime Environment (8.0_242-b01) (build 1.8.0_242-release-1644-b01)
# Java VM: OpenJDK 64-Bit Server VM (25.242-b01 mixed mode windows-amd64 compressed oops)
Heap:
 PSYoungGen      total 94720K, used 56191K [0x00000000eb400000, 0x00000000f4480000, 0x0000000100000000)
  eden space 71168K, 45% used [0x00000000eb400000,0x00000000ed3e48c8,0x00000000ef980000)
  from space 23552K, 99% used [0x00000000ef980000,0x00000000f107b4e8,0x00000000f1080000)
  to   space 28672K, 0% used [0x00000000f2880000,0x00000000f2880000,0x00000000f4480000)
 ParOldGen       total 90624K, used 39717K [0x00000000c1c00000, 0x00000000c7480000, 0x00000000eb400000)
  object space 90624K, 43% used [0x00000000c1c00000,0x00000000c42c9720,0x00000000c7480000)
 Metaspace       used 48291K, capacity 49172K, committed 49536K, reserved 1093632K
  class space    used 5649K, capacity 5896K, committed 6016K, reserved 1048576K
GC Heap History (10 events):
Event: 18.905 GC heap before
{Heap before GC invocations=9 (full 1):
 PSYoungGen      total 73728K, used 38228K [0x00000000eb400000, 0x00000000f1600000, 0x0000000100000000)
  eden space 57856K, 38% used [0x00000000eb400000,0x00000000ec9d9be0,0x00000000eec80000)
  from space 15872K, 99% used [0x00000000eec80000,0x00000000efbfb708,0x00000000efc00000)
  to   space 18944K, 0% used [0x00000000f0380000,0x00000000f0380000,0x00000000f1600000)
 ParOldGen       total 63488K, used 22455K [0x00000000c1c00000, 0x00000000c5a00000, 0x00000000eb400000)
  object space 63488K, 35% used [0x00000000c1c00000,0x00000000c31ede80,0x00000000c5a00000)
 Metaspace       used 34651K, capacity 35170K, committed 35416K, reserved 1081344K
  class space    used 4288K, capacity 4464K, committed 4480K, reserved 1048576K
Event: 18.930 GC heap after
Heap after GC invocations=9 (full 1):
 PSYoungGen      total 80384K, used 13999K [0x00000000eb400000, 0x00000000f2c00000, 0x0000000100000000)
  eden space 61440K, 0% used [0x00000000eb400000,0x00000000eb400000,0x00000000ef000000)
  from space 18944K, 73% used [0x00000000f0380000,0x00000000f112bd30,0x00000000f1600000)
  to   space 19968K, 0% used [0x00000000ef000000,0x00000000ef000000,0x00000000f0380000)
 ParOldGen       total 63488K, used 22463K [0x00000000c1c00000, 0x00000000c5a00000, 0x00000000eb400000)
  object space 63488K, 35% used [0x00000000c1c00000,0x00000000c31efe80,0x00000000c5a00000)
 Metaspace       used 34651K, capacity 35170K, committed 35416K, reserved 1081344K
  class space    used 4288K, capacity 4464K, committed 4480K, reserved 1048576K
}
Event: 18.930 GC heap before
{Heap before GC invocations=10 (full 2):
 PSYoungGen      total 80384K, used 13999K [0x00000000eb400000, 0x00000000f2c00000, 0x0000000100000000)
  eden space 61440K, 0% used [0x00000000eb400000,0x00000000eb400000,0x00000000ef000000)
  from space 18944K, 73% used [0x00000000f0380000,0x00000000f112bd30,0x00000000f1600000)
  to   space 19968K, 0% used [0x00000000ef000000,0x00000000ef000000,0x00000000f0380000)
 ParOldGen       total 63488K, used 22463K [0x00000000c1c00000, 0x00000000c5a00000, 0x00000000eb400000)
  object space 63488K, 35% used [0x00000000c1c00000,0x00000000c31efe80,0x00000000c5a00000)
 Metaspace       used 34651K, capacity 35170K, committed 35416K, reserved 1081344K
  class space    used 4288K, capacity 4464K, committed 4480K, reserved 1048576K
Event: 19.136 GC heap after
Heap after GC invocations=10 (full 2):
 PSYoungGen      total 80384K, used 0K [0x00000000eb400000, 0x00000000f2c00000, 0x0000000100000000)
  eden space 61440K, 0% used [0x00000000eb400000,0x00000000eb400000,0x00000000ef000000)
  from space 18944K, 0% used [0x00000000f0380000,0x00000000f0380000,0x00000000f1600000)
  to   space 19968K, 0% used [0x00000000ef000000,0x00000000ef000000,0x00000000f0380000)
 ParOldGen       total 90624K, used 33145K [0x00000000c1c00000, 0x00000000c7480000, 0x00000000eb400000)
  object space 90624K, 36% used [0x00000000c1c00000,0x00000000c3c5e4d8,0x00000000c7480000)
 Metaspace       used 34651K, capacity 35170K, committed 35416K, reserved 1081344K
  class space    used 4288K, capacity 4464K, committed 4480K, reserved 1048576K
}
Event: 22.026 GC heap before
{Heap before GC invocations=11 (full 2):
 PSYoungGen      total 80384K, used 61440K [0x00000000eb400000, 0x00000000f2c00000, 0x0000000100000000)
  eden space 61440K, 100% used [0x00000000eb400000,0x00000000ef000000,0x00000000ef000000)
  from space 18944K, 0% used [0x00000000f0380000,0x00000000f0380000,0x00000000f1600000)
  to   space 19968K, 0% used [0x00000000ef000000,0x00000000ef000000,0x00000000f0380000)
 ParOldGen       total 90624K, used 33145K [0x00000000c1c00000, 0x00000000c7480000, 0x00000000eb400000)
  object space 90624K, 36% used [0x00000000c1c00000,0x00000000c3c5e4d8,0x00000000c7480000)
 Metaspace       used 39925K, capacity 40540K, committed 40960K, reserved 1085440K
  class space    used 4848K, capacity 5026K, committed 5120K, reserved 1048576K
Event: 22.051 GC heap after
Heap after GC invocations=11 (full 2):
 PSYoungGen      total 81408K, used 13144K [0x00000000eb400000, 0x00000000f2400000, 0x0000000100000000)
  eden space 61440K, 0% used [0x00000000eb400000,0x00000000eb400000,0x00000000ef000000)
  from space 19968K, 65% used [0x00000000ef000000,0x00000000efcd60e8,0x00000000f0380000)
  to   space 19968K, 0% used [0x00000000f1080000,0x00000000f1080000,0x00000000f2400000)
 ParOldGen       total 90624K, used 33153K [0x00000000c1c00000, 0x00000000c7480000, 0x00000000eb400000)
  object space 90624K, 36% used [0x00000000c1c00000,0x00000000c3c604d8,0x00000000c7480000)
 Metaspace       used 39925K, capacity 40540K, committed 40960K, reserved 1085440K
  class space    used 4848K, capacity 5026K, committed 5120K, reserved 1048576K
}
Event: 26.282 GC heap before
{Heap before GC invocations=12 (full 2):
 PSYoungGen      total 81408K, used 74584K [0x00000000eb400000, 0x00000000f2400000, 0x0000000100000000)
  eden space 61440K, 100% used [0x00000000eb400000,0x00000000ef000000,0x00000000ef000000)
  from space 19968K, 65% used [0x00000000ef000000,0x00000000efcd60e8,0x00000000f0380000)
  to   space 19968K, 0% used [0x00000000f1080000,0x00000000f1080000,0x00000000f2400000)
 ParOldGen       total 90624K, used 33153K [0x00000000c1c00000, 0x00000000c7480000, 0x00000000eb400000)
  object space 90624K, 36% used [0x00000000c1c00000,0x00000000c3c604d8,0x00000000c7480000)
 Metaspace       used 45991K, capacity 46812K, committed 47232K, reserved 1091584K
  class space    used 5446K, capacity 5680K, committed 5760K, reserved 1048576K
Event: 26.332 GC heap after
Heap after GC invocations=12 (full 2):
 PSYoungGen      total 91136K, used 19953K [0x00000000eb400000, 0x00000000f2b00000, 0x0000000100000000)
  eden space 71168K, 0% used [0x00000000eb400000,0x00000000eb400000,0x00000000ef980000)
  from space 19968K, 99% used [0x00000000f1080000,0x00000000f23fc6f8,0x00000000f2400000)
  to   space 23552K, 0% used [0x00000000ef980000,0x00000000ef980000,0x00000000f1080000)
 ParOldGen       total 90624K, used 34909K [0x00000000c1c00000, 0x00000000c7480000, 0x00000000eb400000)
  object space 90624K, 38% used [0x00000000c1c00000,0x00000000c3e17638,0x00000000c7480000)
 Metaspace       used 45991K, capacity 46812K, committed 47232K, reserved 1091584K
  class space    used 5446K, capacity 5680K, committed 5760K, reserved 1048576K
}
Event: 29.206 GC heap before
{Heap before GC invocations=13 (full 2):
 PSYoungGen      total 91136K, used 91121K [0x00000000eb400000, 0x00000000f2b00000, 0x0000000100000000)
  eden space 71168K, 100% used [0x00000000eb400000,0x00000000ef980000,0x00000000ef980000)
  from space 19968K, 99% used [0x00000000f1080000,0x00000000f23fc6f8,0x00000000f2400000)
  to   space 23552K, 0% used [0x00000000ef980000,0x00000000ef980000,0x00000000f1080000)
 ParOldGen       total 90624K, used 34909K [0x00000000c1c00000, 0x00000000c7480000, 0x00000000eb400000)
  object space 90624K, 38% used [0x00000000c1c00000,0x00000000c3e17638,0x00000000c7480000)
 Metaspace       used 46856K, capacity 47714K, committed 48000K, reserved 1091584K
  class space    used 5476K, capacity 5721K, committed 5760K, reserved 1048576K
Event: 29.308 GC heap after
Heap after GC invocations=13 (full 2):
 PSYoungGen      total 94720K, used 23533K [0x00000000eb400000, 0x00000000f4480000, 0x0000000100000000)
  eden space 71168K, 0% used [0x00000000eb400000,0x00000000eb400000,0x00000000ef980000)
  from space 23552K, 99% used [0x00000000ef980000,0x00000000f107b4e8,0x00000000f1080000)
  to   space 28672K, 0% used [0x00000000f2880000,0x00000000f2880000,0x00000000f4480000)
 ParOldGen       total 90624K, used 39717K [0x00000000c1c00000, 0x00000000c7480000, 0x00000000eb400000)
  object space 90624K, 43% used [0x00000000c1c00000,0x00000000c42c9720,0x00000000c7480000)
 Metaspace       used 46856K, capacity 47714K, committed 48000K, reserved 1091584K
  class space    used 5476K, capacity 5721K, committed 5760K, reserved 1048576K
}

