# JRE version: OpenJDK Runtime Environment (8.0_242-b01) (build 1.8.0_242-release-1644-b01)
# Java VM: OpenJDK 64-Bit Server VM (25.242-b01 mixed mode windows-amd64 compressed oops)
Heap:
 PSYoungGen      total 305664K, used 118291K [0x00000000d5580000, 0x00000000efb00000, 0x0000000100000000)
  eden space 203776K, 58% used [0x00000000d5580000,0x00000000dc904cb8,0x00000000e1c80000)
  from space 101888K, 0% used [0x00000000e1c80000,0x00000000e1c80000,0x00000000e8000000)
  to   space 107520K, 0% used [0x00000000e9200000,0x00000000e9200000,0x00000000efb00000)
 ParOldGen       total 151040K, used 68389K [0x0000000080000000, 0x0000000089380000, 0x00000000d5580000)
  object space 151040K, 45% used [0x0000000080000000,0x00000000842c9698,0x0000000089380000)
 Metaspace       used 114396K, capacity 122376K, committed 125260K, reserved 1157120K
  class space    used 14670K, capacity 16149K, committed 17024K, reserved 1048576K
GC Heap History (10 events):
Event: 12608.338 GC heap before
{Heap before GC invocations=34 (full 4):
 PSYoungGen      total 257536K, used 255531K [0x00000000d5580000, 0x00000000eab80000, 0x0000000100000000)
  eden space 185344K, 100% used [0x00000000d5580000,0x00000000e0a80000,0x00000000e0a80000)
  from space 72192K, 97% used [0x00000000e1100000,0x00000000e558adc0,0x00000000e5780000)
  to   space 82432K, 0% used [0x00000000e5b00000,0x00000000e5b00000,0x00000000eab80000)
 ParOldGen       total 151040K, used 91917K [0x0000000080000000, 0x0000000089380000, 0x00000000d5580000)
  object space 151040K, 60% used [0x0000000080000000,0x00000000859c34f0,0x0000000089380000)
 Metaspace       used 109297K, capacity 118372K, committed 118604K, reserved 1153024K
  class space    used 14172K, capacity 15946K, committed 16000K, reserved 1048576K
Event: 12609.134 GC heap after
Heap after GC invocations=34 (full 4):
 PSYoungGen      total 267776K, used 66590K [0x00000000d5580000, 0x00000000eab80000, 0x0000000100000000)
  eden space 185344K, 0% used [0x00000000d5580000,0x00000000d5580000,0x00000000e0a80000)
  from space 82432K, 80% used [0x00000000e5b00000,0x00000000e9c07858,0x00000000eab80000)
  to   space 72192K, 0% used [0x00000000e1100000,0x00000000e1100000,0x00000000e5780000)
 ParOldGen       total 151040K, used 91925K [0x0000000080000000, 0x0000000089380000, 0x00000000d5580000)
  object space 151040K, 60% used [0x0000000080000000,0x00000000859c54f0,0x0000000089380000)
 Metaspace       used 109297K, capacity 118372K, committed 118604K, reserved 1153024K
  class space    used 14172K, capacity 15946K, committed 16000K, reserved 1048576K
}
Event: 12943.217 GC heap before
{Heap before GC invocations=35 (full 4):
 PSYoungGen      total 267776K, used 251934K [0x00000000d5580000, 0x00000000eab80000, 0x0000000100000000)
  eden space 185344K, 100% used [0x00000000d5580000,0x00000000e0a80000,0x00000000e0a80000)
  from space 82432K, 80% used [0x00000000e5b00000,0x00000000e9c07858,0x00000000eab80000)
  to   space 72192K, 0% used [0x00000000e1100000,0x00000000e1100000,0x00000000e5780000)
 ParOldGen       total 151040K, used 91925K [0x0000000080000000, 0x0000000089380000, 0x00000000d5580000)
  object space 151040K, 60% used [0x0000000080000000,0x00000000859c54f0,0x0000000089380000)
 Metaspace       used 113389K, capacity 122906K, committed 123084K, reserved 1155072K
  class space    used 14688K, capacity 16604K, committed 16640K, reserved 1048576K
Event: 12947.704 GC heap after
Heap after GC invocations=35 (full 4):
 PSYoungGen      total 264192K, used 68455K [0x00000000d5580000, 0x00000000edd00000, 0x0000000100000000)
  eden space 192000K, 0% used [0x00000000d5580000,0x00000000d5580000,0x00000000e1100000)
  from space 72192K, 94% used [0x00000000e1100000,0x00000000e53d9e90,0x00000000e5780000)
  to   space 95232K, 0% used [0x00000000e8000000,0x00000000e8000000,0x00000000edd00000)
 ParOldGen       total 151040K, used 91933K [0x0000000080000000, 0x0000000089380000, 0x00000000d5580000)
  object space 151040K, 60% used [0x0000000080000000,0x00000000859c74f0,0x0000000089380000)
 Metaspace       used 113389K, capacity 122906K, committed 123084K, reserved 1155072K
  class space    used 14688K, capacity 16604K, committed 16640K, reserved 1048576K
}
Event: 12969.828 GC heap before
{Heap before GC invocations=36 (full 4):
 PSYoungGen      total 264192K, used 260455K [0x00000000d5580000, 0x00000000edd00000, 0x0000000100000000)
  eden space 192000K, 100% used [0x00000000d5580000,0x00000000e1100000,0x00000000e1100000)
  from space 72192K, 94% used [0x00000000e1100000,0x00000000e53d9e90,0x00000000e5780000)
  to   space 95232K, 0% used [0x00000000e8000000,0x00000000e8000000,0x00000000edd00000)
 ParOldGen       total 151040K, used 91933K [0x0000000080000000, 0x0000000089380000, 0x00000000d5580000)
  object space 151040K, 60% used [0x0000000080000000,0x00000000859c74f0,0x0000000089380000)
 Metaspace       used 114004K, capacity 123604K, committed 123724K, reserved 1157120K
  class space    used 14765K, capacity 16699K, committed 16768K, reserved 1048576K
Event: 12970.161 GC heap after
Heap after GC invocations=36 (full 4):
 PSYoungGen      total 299008K, used 74717K [0x00000000d5580000, 0x00000000ef000000, 0x0000000100000000)
  eden space 203776K, 0% used [0x00000000d5580000,0x00000000d5580000,0x00000000e1c80000)
  from space 95232K, 78% used [0x00000000e8000000,0x00000000ec8f76d0,0x00000000edd00000)
  to   space 101888K, 0% used [0x00000000e1c80000,0x00000000e1c80000,0x00000000e8000000)
 ParOldGen       total 151040K, used 91941K [0x0000000080000000, 0x0000000089380000, 0x00000000d5580000)
  object space 151040K, 60% used [0x0000000080000000,0x00000000859c94f0,0x0000000089380000)
 Metaspace       used 114004K, capacity 123604K, committed 123724K, reserved 1157120K
  class space    used 14765K, capacity 16699K, committed 16768K, reserved 1048576K
}
Event: 12976.697 GC heap before
{Heap before GC invocations=37 (full 4):
 PSYoungGen      total 299008K, used 212198K [0x00000000d5580000, 0x00000000ef000000, 0x0000000100000000)
  eden space 203776K, 67% used [0x00000000d5580000,0x00000000ddbc2508,0x00000000e1c80000)
  from space 95232K, 78% used [0x00000000e8000000,0x00000000ec8f76d0,0x00000000edd00000)
  to   space 101888K, 0% used [0x00000000e1c80000,0x00000000e1c80000,0x00000000e8000000)
 ParOldGen       total 151040K, used 91941K [0x0000000080000000, 0x0000000089380000, 0x00000000d5580000)
  object space 151040K, 60% used [0x0000000080000000,0x00000000859c94f0,0x0000000089380000)
 Metaspace       used 115342K, capacity 124946K, committed 125260K, reserved 1157120K
  class space    used 14968K, capacity 16902K, committed 17024K, reserved 1048576K
Event: 12977.068 GC heap after
Heap after GC invocations=37 (full 4):
 PSYoungGen      total 305664K, used 75398K [0x00000000d5580000, 0x00000000efb00000, 0x0000000100000000)
  eden space 203776K, 0% used [0x00000000d5580000,0x00000000d5580000,0x00000000e1c80000)
  from space 101888K, 74% used [0x00000000e1c80000,0x00000000e6621848,0x00000000e8000000)
  to   space 107520K, 0% used [0x00000000e9200000,0x00000000e9200000,0x00000000efb00000)
 ParOldGen       total 151040K, used 91941K [0x0000000080000000, 0x0000000089380000, 0x00000000d5580000)
  object space 151040K, 60% used [0x0000000080000000,0x00000000859c94f0,0x0000000089380000)
 Metaspace       used 115342K, capacity 124946K, committed 125260K, reserved 1157120K
  class space    used 14968K, capacity 16902K, committed 17024K, reserved 1048576K
}
Event: 12977.069 GC heap before
{Heap before GC invocations=38 (full 5):
 PSYoungGen      total 305664K, used 75398K [0x00000000d5580000, 0x00000000efb00000, 0x0000000100000000)
  eden space 203776K, 0% used [0x00000000d5580000,0x00000000d5580000,0x00000000e1c80000)
  from space 101888K, 74% used [0x00000000e1c80000,0x00000000e6621848,0x00000000e8000000)
  to   space 107520K, 0% used [0x00000000e9200000,0x00000000e9200000,0x00000000efb00000)
 ParOldGen       total 151040K, used 91941K [0x0000000080000000, 0x0000000089380000, 0x00000000d5580000)
  object space 151040K, 60% used [0x0000000080000000,0x00000000859c94f0,0x0000000089380000)
 Metaspace       used 115342K, capacity 124946K, committed 125260K, reserved 1157120K
  class space    used 14968K, capacity 16902K, committed 17024K, reserved 1048576K
Event: 12980.456 GC heap after
Heap after GC invocations=38 (full 5):
 PSYoungGen      total 305664K, used 0K [0x00000000d5580000, 0x00000000efb00000, 0x0000000100000000)
  eden space 203776K, 0% used [0x00000000d5580000,0x00000000d5580000,0x00000000e1c80000)
  from space 101888K, 0% used [0x00000000e1c80000,0x00000000e1c80000,0x00000000e8000000)
  to   space 107520K, 0% used [0x00000000e9200000,0x00000000e9200000,0x00000000efb00000)
 ParOldGen       total 151040K, used 68389K [0x0000000080000000, 0x0000000089380000, 0x00000000d5580000)
  object space 151040K, 45% used [0x0000000080000000,0x00000000842c9698,0x0000000089380000)
 Metaspace       used 113848K, capacity 121830K, committed 125260K, reserved 1157120K
  class space    used 14585K, capacity 16056K, committed 17024K, reserved 1048576K
}

