# JRE version: OpenJDK Runtime Environment (8.0_242-b01) (build 1.8.0_242-release-1644-b01)
# Java VM: OpenJDK 64-Bit Server VM (25.242-b01 mixed mode windows-amd64 compressed oops)
Heap:
 PSYoungGen      total 369664K, used 124687K [0x00000000d5580000, 0x00000000ee680000, 0x0000000100000000)
  eden space 330752K, 37% used [0x00000000d5580000,0x00000000dcf43f30,0x00000000e9880000)
  from space 38912K, 0% used [0x00000000e9880000,0x00000000e9880000,0x00000000ebe80000)
  to   space 39936K, 0% used [0x00000000ebf80000,0x00000000ebf80000,0x00000000ee680000)
 ParOldGen       total 162304K, used 61708K [0x0000000080000000, 0x0000000089e80000, 0x00000000d5580000)
  object space 162304K, 38% used [0x0000000080000000,0x0000000083c43200,0x0000000089e80000)
 Metaspace       used 113402K, capacity 122122K, committed 122496K, reserved 1155072K
  class space    used 14484K, capacity 15894K, committed 16000K, reserved 1048576K
GC Heap History (10 events):
Event: 6976.756 GC heap before
{Heap before GC invocations=52 (full 6):
 PSYoungGen      total 345600K, used 314437K [0x00000000d5580000, 0x00000000edb00000, 0x0000000100000000)
  eden space 302080K, 99% used [0x00000000d5580000,0x00000000e7c09fa0,0x00000000e7c80000)
  from space 43520K, 29% used [0x00000000e7c80000,0x00000000e8907470,0x00000000ea700000)
  to   space 42496K, 0% used [0x00000000eb180000,0x00000000eb180000,0x00000000edb00000)
 ParOldGen       total 162304K, used 60042K [0x0000000080000000, 0x0000000089e80000, 0x00000000d5580000)
  object space 162304K, 36% used [0x0000000080000000,0x0000000083aa2898,0x0000000089e80000)
 Metaspace       used 111518K, capacity 120114K, committed 120320K, reserved 1155072K
  class space    used 14240K, capacity 15604K, committed 15616K, reserved 1048576K
Event: 6977.754 GC heap after
Heap after GC invocations=52 (full 6):
 PSYoungGen      total 357376K, used 16524K [0x00000000d5580000, 0x00000000ee300000, 0x0000000100000000)
  eden space 314880K, 0% used [0x00000000d5580000,0x00000000d5580000,0x00000000e8900000)
  from space 42496K, 38% used [0x00000000eb180000,0x00000000ec1a3238,0x00000000edb00000)
  to   space 41472K, 0% used [0x00000000e8900000,0x00000000e8900000,0x00000000eb180000)
 ParOldGen       total 162304K, used 60050K [0x0000000080000000, 0x0000000089e80000, 0x00000000d5580000)
  object space 162304K, 36% used [0x0000000080000000,0x0000000083aa4898,0x0000000089e80000)
 Metaspace       used 111518K, capacity 120114K, committed 120320K, reserved 1155072K
  class space    used 14240K, capacity 15604K, committed 15616K, reserved 1048576K
}
Event: 7546.368 GC heap before
{Heap before GC invocations=53 (full 6):
 PSYoungGen      total 357376K, used 331404K [0x00000000d5580000, 0x00000000ee300000, 0x0000000100000000)
  eden space 314880K, 100% used [0x00000000d5580000,0x00000000e8900000,0x00000000e8900000)
  from space 42496K, 38% used [0x00000000eb180000,0x00000000ec1a3238,0x00000000edb00000)
  to   space 41472K, 0% used [0x00000000e8900000,0x00000000e8900000,0x00000000eb180000)
 ParOldGen       total 162304K, used 60050K [0x0000000080000000, 0x0000000089e80000, 0x00000000d5580000)
  object space 162304K, 36% used [0x0000000080000000,0x0000000083aa4898,0x0000000089e80000)
 Metaspace       used 111740K, capacity 120446K, committed 120704K, reserved 1155072K
  class space    used 14264K, capacity 15648K, committed 15744K, reserved 1048576K
Event: 7547.008 GC heap after
Heap after GC invocations=53 (full 6):
 PSYoungGen      total 356352K, used 24004K [0x00000000d5580000, 0x00000000eeb00000, 0x0000000100000000)
  eden space 314880K, 0% used [0x00000000d5580000,0x00000000d5580000,0x00000000e8900000)
  from space 41472K, 57% used [0x00000000e8900000,0x00000000ea071388,0x00000000eb180000)
  to   space 40448K, 0% used [0x00000000ec380000,0x00000000ec380000,0x00000000eeb00000)
 ParOldGen       total 162304K, used 60050K [0x0000000080000000, 0x0000000089e80000, 0x00000000d5580000)
  object space 162304K, 36% used [0x0000000080000000,0x0000000083aa4898,0x0000000089e80000)
 Metaspace       used 111740K, capacity 120446K, committed 120704K, reserved 1155072K
  class space    used 14264K, capacity 15648K, committed 15744K, reserved 1048576K
}
Event: 8313.943 GC heap before
{Heap before GC invocations=54 (full 6):
 PSYoungGen      total 356352K, used 338884K [0x00000000d5580000, 0x00000000eeb00000, 0x0000000100000000)
  eden space 314880K, 100% used [0x00000000d5580000,0x00000000e8900000,0x00000000e8900000)
  from space 41472K, 57% used [0x00000000e8900000,0x00000000ea071388,0x00000000eb180000)
  to   space 40448K, 0% used [0x00000000ec380000,0x00000000ec380000,0x00000000eeb00000)
 ParOldGen       total 162304K, used 60050K [0x0000000080000000, 0x0000000089e80000, 0x00000000d5580000)
  object space 162304K, 36% used [0x0000000080000000,0x0000000083aa4898,0x0000000089e80000)
 Metaspace       used 111875K, capacity 120636K, committed 120960K, reserved 1155072K
  class space    used 14275K, capacity 15667K, committed 15744K, reserved 1048576K
Event: 8314.316 GC heap after
Heap after GC invocations=54 (full 6):
 PSYoungGen      total 364544K, used 17771K [0x00000000d5580000, 0x00000000ee480000, 0x0000000100000000)
  eden space 330752K, 0% used [0x00000000d5580000,0x00000000d5580000,0x00000000e9880000)
  from space 33792K, 52% used [0x00000000ec380000,0x00000000ed4dacb0,0x00000000ee480000)
  to   space 38912K, 0% used [0x00000000e9880000,0x00000000e9880000,0x00000000ebe80000)
 ParOldGen       total 162304K, used 60050K [0x0000000080000000, 0x0000000089e80000, 0x00000000d5580000)
  object space 162304K, 36% used [0x0000000080000000,0x0000000083aa4898,0x0000000089e80000)
 Metaspace       used 111875K, capacity 120636K, committed 120960K, reserved 1155072K
  class space    used 14275K, capacity 15667K, committed 15744K, reserved 1048576K
}
Event: 9345.194 GC heap before
{Heap before GC invocations=55 (full 6):
 PSYoungGen      total 364544K, used 123430K [0x00000000d5580000, 0x00000000ee480000, 0x0000000100000000)
  eden space 330752K, 31% used [0x00000000d5580000,0x00000000dbcaef38,0x00000000e9880000)
  from space 33792K, 52% used [0x00000000ec380000,0x00000000ed4dacb0,0x00000000ee480000)
  to   space 38912K, 0% used [0x00000000e9880000,0x00000000e9880000,0x00000000ebe80000)
 ParOldGen       total 162304K, used 60050K [0x0000000080000000, 0x0000000089e80000, 0x00000000d5580000)
  object space 162304K, 36% used [0x0000000080000000,0x0000000083aa4898,0x0000000089e80000)
 Metaspace       used 111893K, capacity 120640K, committed 120960K, reserved 1155072K
  class space    used 14275K, capacity 15667K, committed 15744K, reserved 1048576K
Event: 9345.740 GC heap after
Heap after GC invocations=55 (full 6):
 PSYoungGen      total 369664K, used 5677K [0x00000000d5580000, 0x00000000ee680000, 0x0000000100000000)
  eden space 330752K, 0% used [0x00000000d5580000,0x00000000d5580000,0x00000000e9880000)
  from space 38912K, 14% used [0x00000000e9880000,0x00000000e9e0b448,0x00000000ebe80000)
  to   space 39936K, 0% used [0x00000000ebf80000,0x00000000ebf80000,0x00000000ee680000)
 ParOldGen       total 162304K, used 60058K [0x0000000080000000, 0x0000000089e80000, 0x00000000d5580000)
  object space 162304K, 37% used [0x0000000080000000,0x0000000083aa6898,0x0000000089e80000)
 Metaspace       used 111893K, capacity 120640K, committed 120960K, reserved 1155072K
  class space    used 14275K, capacity 15667K, committed 15744K, reserved 1048576K
}
Event: 9345.740 GC heap before
{Heap before GC invocations=56 (full 7):
 PSYoungGen      total 369664K, used 5677K [0x00000000d5580000, 0x00000000ee680000, 0x0000000100000000)
  eden space 330752K, 0% used [0x00000000d5580000,0x00000000d5580000,0x00000000e9880000)
  from space 38912K, 14% used [0x00000000e9880000,0x00000000e9e0b448,0x00000000ebe80000)
  to   space 39936K, 0% used [0x00000000ebf80000,0x00000000ebf80000,0x00000000ee680000)
 ParOldGen       total 162304K, used 60058K [0x0000000080000000, 0x0000000089e80000, 0x00000000d5580000)
  object space 162304K, 37% used [0x0000000080000000,0x0000000083aa6898,0x0000000089e80000)
 Metaspace       used 111893K, capacity 120640K, committed 120960K, reserved 1155072K
  class space    used 14275K, capacity 15667K, committed 15744K, reserved 1048576K
Event: 9353.656 GC heap after
Heap after GC invocations=56 (full 7):
 PSYoungGen      total 369664K, used 0K [0x00000000d5580000, 0x00000000ee680000, 0x0000000100000000)
  eden space 330752K, 0% used [0x00000000d5580000,0x00000000d5580000,0x00000000e9880000)
  from space 38912K, 0% used [0x00000000e9880000,0x00000000e9880000,0x00000000ebe80000)
  to   space 39936K, 0% used [0x00000000ebf80000,0x00000000ebf80000,0x00000000ee680000)
 ParOldGen       total 162304K, used 61708K [0x0000000080000000, 0x0000000089e80000, 0x00000000d5580000)
  object space 162304K, 38% used [0x0000000080000000,0x0000000083c43200,0x0000000089e80000)
 Metaspace       used 111734K, capacity 120382K, committed 120960K, reserved 1155072K
  class space    used 14252K, capacity 15624K, committed 15744K, reserved 1048576K
}

