# JRE version: OpenJDK Runtime Environment (8.0_242-b01) (build 1.8.0_242-release-1644-b01)
# Java VM: OpenJDK 64-Bit Server VM (25.242-b01 mixed mode windows-amd64 compressed oops)
Heap:
 PSYoungGen      total 483328K, used 135950K [0x00000000d5580000, 0x00000000fc280000, 0x0000000100000000)
  eden space 424448K, 25% used [0x00000000d5580000,0x00000000dbde3670,0x00000000ef400000)
  from space 58880K, 49% used [0x00000000ef400000,0x00000000f10601a0,0x00000000f2d80000)
  to   space 57856K, 0% used [0x00000000f8a00000,0x00000000f8a00000,0x00000000fc280000)
 ParOldGen       total 211968K, used 126402K [0x0000000080000000, 0x000000008cf00000, 0x00000000d5580000)
  object space 211968K, 59% used [0x0000000080000000,0x0000000087b70ac0,0x000000008cf00000)
 Metaspace       used 116257K, capacity 122392K, committed 122456K, reserved 1155072K
  class space    used 15059K, capacity 16231K, committed 16256K, reserved 1048576K
GC Heap History (10 events):
Event: 6235.708 GC heap before
{Heap before GC invocations=23 (full 5):
 PSYoungGen      total 410112K, used 16151K [0x00000000d5580000, 0x00000000f2c80000, 0x0000000100000000)
  eden space 393728K, 0% used [0x00000000d5580000,0x00000000d5580000,0x00000000ed600000)
  from space 16384K, 98% used [0x00000000f1c80000,0x00000000f2c45ea0,0x00000000f2c80000)
  to   space 34816K, 0% used [0x00000000ee880000,0x00000000ee880000,0x00000000f0a80000)
 ParOldGen       total 78848K, used 70024K [0x0000000080000000, 0x0000000084d00000, 0x00000000d5580000)
  object space 78848K, 88% used [0x0000000080000000,0x00000000844623c8,0x0000000084d00000)
 Metaspace       used 108464K, capacity 113670K, committed 113880K, reserved 1148928K
  class space    used 14137K, capacity 15097K, committed 15104K, reserved 1048576K
Event: 6237.821 GC heap after
Heap after GC invocations=23 (full 5):
 PSYoungGen      total 410112K, used 0K [0x00000000d5580000, 0x00000000f2c80000, 0x0000000100000000)
  eden space 393728K, 0% used [0x00000000d5580000,0x00000000d5580000,0x00000000ed600000)
  from space 16384K, 0% used [0x00000000f1c80000,0x00000000f1c80000,0x00000000f2c80000)
  to   space 34816K, 0% used [0x00000000ee880000,0x00000000ee880000,0x00000000f0a80000)
 ParOldGen       total 126464K, used 66478K [0x0000000080000000, 0x0000000087b80000, 0x00000000d5580000)
  object space 126464K, 52% used [0x0000000080000000,0x00000000840ebaa0,0x0000000087b80000)
 Metaspace       used 108379K, capacity 113514K, committed 113880K, reserved 1148928K
  class space    used 14123K, capacity 15071K, committed 15104K, reserved 1048576K
}
Event: 6388.324 GC heap before
{Heap before GC invocations=24 (full 5):
 PSYoungGen      total 410112K, used 393728K [0x00000000d5580000, 0x00000000f2c80000, 0x0000000100000000)
  eden space 393728K, 100% used [0x00000000d5580000,0x00000000ed600000,0x00000000ed600000)
  from space 16384K, 0% used [0x00000000f1c80000,0x00000000f1c80000,0x00000000f2c80000)
  to   space 34816K, 0% used [0x00000000ee880000,0x00000000ee880000,0x00000000f0a80000)
 ParOldGen       total 126464K, used 66478K [0x0000000080000000, 0x0000000087b80000, 0x00000000d5580000)
  object space 126464K, 52% used [0x0000000080000000,0x00000000840ebaa0,0x0000000087b80000)
 Metaspace       used 113934K, capacity 119956K, committed 120280K, reserved 1153024K
  class space    used 14900K, capacity 16048K, committed 16128K, reserved 1048576K
Event: 6389.038 GC heap after
Heap after GC invocations=24 (full 5):
 PSYoungGen      total 447488K, used 16262K [0x00000000d5580000, 0x00000000f4e00000, 0x0000000100000000)
  eden space 412672K, 0% used [0x00000000d5580000,0x00000000d5580000,0x00000000ee880000)
  from space 34816K, 46% used [0x00000000ee880000,0x00000000ef8618f0,0x00000000f0a80000)
  to   space 33280K, 0% used [0x00000000f2d80000,0x00000000f2d80000,0x00000000f4e00000)
 ParOldGen       total 126464K, used 66486K [0x0000000080000000, 0x0000000087b80000, 0x00000000d5580000)
  object space 126464K, 52% used [0x0000000080000000,0x00000000840edaa0,0x0000000087b80000)
 Metaspace       used 113934K, capacity 119956K, committed 120280K, reserved 1153024K
  class space    used 14900K, capacity 16048K, committed 16128K, reserved 1048576K
}
Event: 6412.255 GC heap before
{Heap before GC invocations=25 (full 5):
 PSYoungGen      total 447488K, used 428934K [0x00000000d5580000, 0x00000000f4e00000, 0x0000000100000000)
  eden space 412672K, 100% used [0x00000000d5580000,0x00000000ee880000,0x00000000ee880000)
  from space 34816K, 46% used [0x00000000ee880000,0x00000000ef8618f0,0x00000000f0a80000)
  to   space 33280K, 0% used [0x00000000f2d80000,0x00000000f2d80000,0x00000000f4e00000)
 ParOldGen       total 126464K, used 66486K [0x0000000080000000, 0x0000000087b80000, 0x00000000d5580000)
  object space 126464K, 52% used [0x0000000080000000,0x00000000840edaa0,0x0000000087b80000)
 Metaspace       used 115368K, capacity 121528K, committed 121688K, reserved 1155072K
  class space    used 15038K, capacity 16206K, committed 16256K, reserved 1048576K
Event: 6414.258 GC heap after
Heap after GC invocations=25 (full 5):
 PSYoungGen      total 457728K, used 33264K [0x00000000d5580000, 0x00000000fbb80000, 0x0000000100000000)
  eden space 424448K, 0% used [0x00000000d5580000,0x00000000d5580000,0x00000000ef400000)
  from space 33280K, 99% used [0x00000000f2d80000,0x00000000f4dfc2b0,0x00000000f4e00000)
  to   space 58880K, 0% used [0x00000000ef400000,0x00000000ef400000,0x00000000f2d80000)
 ParOldGen       total 126464K, used 121958K [0x0000000080000000, 0x0000000087b80000, 0x00000000d5580000)
  object space 126464K, 96% used [0x0000000080000000,0x0000000087719820,0x0000000087b80000)
 Metaspace       used 115368K, capacity 121528K, committed 121688K, reserved 1155072K
  class space    used 15038K, capacity 16206K, committed 16256K, reserved 1048576K
}
Event: 6414.274 GC heap before
{Heap before GC invocations=26 (full 6):
 PSYoungGen      total 457728K, used 33264K [0x00000000d5580000, 0x00000000fbb80000, 0x0000000100000000)
  eden space 424448K, 0% used [0x00000000d5580000,0x00000000d5580000,0x00000000ef400000)
  from space 33280K, 99% used [0x00000000f2d80000,0x00000000f4dfc2b0,0x00000000f4e00000)
  to   space 58880K, 0% used [0x00000000ef400000,0x00000000ef400000,0x00000000f2d80000)
 ParOldGen       total 126464K, used 121958K [0x0000000080000000, 0x0000000087b80000, 0x00000000d5580000)
  object space 126464K, 96% used [0x0000000080000000,0x0000000087719820,0x0000000087b80000)
 Metaspace       used 115368K, capacity 121528K, committed 121688K, reserved 1155072K
  class space    used 15038K, capacity 16206K, committed 16256K, reserved 1048576K
Event: 6424.613 GC heap after
Heap after GC invocations=26 (full 6):
 PSYoungGen      total 457728K, used 8471K [0x00000000d5580000, 0x00000000fbb80000, 0x0000000100000000)
  eden space 424448K, 0% used [0x00000000d5580000,0x00000000d5580000,0x00000000ef400000)
  from space 33280K, 25% used [0x00000000f2d80000,0x00000000f35c5f88,0x00000000f4e00000)
  to   space 58880K, 0% used [0x00000000ef400000,0x00000000ef400000,0x00000000f2d80000)
 ParOldGen       total 211968K, used 126298K [0x0000000080000000, 0x000000008cf00000, 0x00000000d5580000)
  object space 211968K, 59% used [0x0000000080000000,0x0000000087b56ac0,0x000000008cf00000)
 Metaspace       used 115157K, capacity 121178K, committed 121688K, reserved 1155072K
  class space    used 15002K, capacity 16144K, committed 16256K, reserved 1048576K
}
Event: 6479.733 GC heap before
{Heap before GC invocations=27 (full 6):
 PSYoungGen      total 457728K, used 432919K [0x00000000d5580000, 0x00000000fbb80000, 0x0000000100000000)
  eden space 424448K, 100% used [0x00000000d5580000,0x00000000ef400000,0x00000000ef400000)
  from space 33280K, 25% used [0x00000000f2d80000,0x00000000f35c5f88,0x00000000f4e00000)
  to   space 58880K, 0% used [0x00000000ef400000,0x00000000ef400000,0x00000000f2d80000)
 ParOldGen       total 211968K, used 126298K [0x0000000080000000, 0x000000008cf00000, 0x00000000d5580000)
  object space 211968K, 59% used [0x0000000080000000,0x0000000087b56ac0,0x000000008cf00000)
 Metaspace       used 115975K, capacity 121980K, committed 122200K, reserved 1155072K
  class space    used 15031K, capacity 16191K, committed 16256K, reserved 1048576K
Event: 6483.979 GC heap after
Heap after GC invocations=27 (full 6):
 PSYoungGen      total 483328K, used 29056K [0x00000000d5580000, 0x00000000fc280000, 0x0000000100000000)
  eden space 424448K, 0% used [0x00000000d5580000,0x00000000d5580000,0x00000000ef400000)
  from space 58880K, 49% used [0x00000000ef400000,0x00000000f10601a0,0x00000000f2d80000)
  to   space 57856K, 0% used [0x00000000f8a00000,0x00000000f8a00000,0x00000000fc280000)
 ParOldGen       total 211968K, used 126402K [0x0000000080000000, 0x000000008cf00000, 0x00000000d5580000)
  object space 211968K, 59% used [0x0000000080000000,0x0000000087b70ac0,0x000000008cf00000)
 Metaspace       used 115975K, capacity 121980K, committed 122200K, reserved 1155072K
  class space    used 15031K, capacity 16191K, committed 16256K, reserved 1048576K
}

